This is pdfTeX, Version 3.141592653-2.6-1.40.25 (MiKTeX 23.10) (preloaded format=pdflatex 2025.1.29)  16 FEB 2025 16:55
entering extended mode
 restricted \write18 enabled.
 %&-line parsing enabled.
**./tools.tex
(tools.tex
LaTeX2e <2023-06-01> patch level 1
L3 programming layer <2023-08-29>
(C:\Users\alexa\AppData\Local\Programs\MiKTeX\tex/latex/subfiles\subfiles.cls
Document Class: subfiles 2020/11/14 v2.2 Multi-file projects (class)
Preamble taken from file `./einleitung.tex'
(C:\Users\alexa\AppData\Local\Programs\MiKTeX\tex/latex/import\import.sty
Package: import 2020/04/01  v 6.2
)
(einleitung.tex
(C:\Users\alexa\AppData\Local\Programs\MiKTeX\tex/latex/base\book.cls
Document Class: book 2023/05/17 v1.4n Standard LaTeX document class
(C:\Users\alexa\AppData\Local\Programs\MiKTeX\tex/latex/base\bk10.clo
File: bk10.clo 2023/05/17 v1.4n Standard LaTeX file (size option)
)
\c@part=\count185
\c@chapter=\count186
\c@section=\count187
\c@subsection=\count188
\c@subsubsection=\count189
\c@paragraph=\count190
\c@subparagraph=\count191
\c@figure=\count192
\c@table=\count193
\abovecaptionskip=\skip48
\belowcaptionskip=\skip49
\bibindent=\dimen140
)
(C:\Users\alexa\AppData\Local\Programs\MiKTeX\tex/latex/subfiles\subfiles.sty
Package: subfiles 2020/11/14 v2.2 Multi-file projects (package)
)))
(C:\Users\alexa\AppData\Local\Programs\MiKTeX\tex/latex/l3backend\l3backend-pdf
tex.def
File: l3backend-pdftex.def 2023-04-19 L3 backend support: PDF output (pdfTeX)
\l__color_backend_stack_int=\count194
\l__pdf_internal_box=\box51
) (tools.aux)
\openout1 = `tools.aux'.

LaTeX Font Info:    Checking defaults for OML/cmm/m/it on input line 2.
LaTeX Font Info:    ... okay on input line 2.
LaTeX Font Info:    Checking defaults for OMS/cmsy/m/n on input line 2.
LaTeX Font Info:    ... okay on input line 2.
LaTeX Font Info:    Checking defaults for OT1/cmr/m/n on input line 2.
LaTeX Font Info:    ... okay on input line 2.
LaTeX Font Info:    Checking defaults for T1/cmr/m/n on input line 2.
LaTeX Font Info:    ... okay on input line 2.
LaTeX Font Info:    Checking defaults for TS1/cmr/m/n on input line 2.
LaTeX Font Info:    ... okay on input line 2.
LaTeX Font Info:    Checking defaults for OMX/cmex/m/n on input line 2.
LaTeX Font Info:    ... okay on input line 2.
LaTeX Font Info:    Checking defaults for U/cmr/m/n on input line 2.
LaTeX Font Info:    ... okay on input line 2.

Overfull \hbox (39.54121pt too wide) in paragraph at lines 15--18
\OT1/cmr/m/n/10 die h^^?ochste Pri-orit^^?at, denn die Reak-tionsf^^?ahigkeit d
er IDE bee-in-flusst die Geschwindigkeit
 []

[1{C:/Users/alexa/AppData/Local/MiKTeX/fonts/map/pdftex/pdftex.map}

]
Underfull \hbox (badness 10000) in paragraph at lines 29--31

 []


LaTeX Warning: Citation `twagner' on page 2 undefined on input line 34.


Underfull \hbox (badness 10000) in paragraph at lines 36--38

 []


LaTeX Warning: Citation `twagner' on page 2 undefined on input line 39.


Overfull \hbox (12.03302pt too wide) in paragraph at lines 42--44
\OT1/cmr/m/n/10 zum Schreiben der Gram-matiken und die M^^?oglichkeit it-er-a-t
iv zu Parsen. Zus^^?atzlich
 []

[2]
Overfull \hbox (1.43575pt too wide) in paragraph at lines 56--59
\OT1/cmr/m/n/10 Viele IDE's stellen Schnittstellen f^^?ur Plu-g-ins bereit. Daz
u z^^?ahlen In-tel-lij, Eclipse,
 []


Underfull \hbox (badness 10000) in paragraph at lines 60--69

 []


Overfull \hbox (5.43114pt too wide) in paragraph at lines 75--78
\OT1/cmr/m/n/10 Golang bi-etet zus^^?atzlich eine sim-ple An-bindung an den Par
ser und die M^^?oglichkeit
 []


Overfull \hbox (26.28297pt too wide) in paragraph at lines 75--78
\OT1/cmr/m/n/10 sehr ein-fach Par-al-lelit^^?at einzubauen. Beson-ders erw^^?ah
nenswert ist die Geschwindigkeit
 []


Overfull \hbox (7.11163pt too wide) in paragraph at lines 80--83
\OT1/cmr/m/n/10 Bei der Ein-bindung des Parsers gestall-ten sich je-doch zus^^?
atzliche Her-raus-forderun-
 []

[3] [4] (tools.aux)
 ***********
LaTeX2e <2023-06-01> patch level 1
L3 programming layer <2023-08-29>
 ***********


LaTeX Warning: There were undefined references.

 ) 
Here is how much of TeX's memory you used:
 589 strings out of 475248
 11609 string characters out of 5757813
 1926785 words of memory out of 5000000
 22176 multiletter control sequences out of 15000+600000
 560286 words of font info for 43 fonts, out of 8000000 for 9000
 1141 hyphenation exceptions out of 8191
 55i,5n,55p,717b,152s stack positions out of 10000i,1000n,20000p,200000b,200000s
<C:/Users/alexa/AppData/Local/Programs/MiKTeX/fonts/type1/public/amsfonts/cm/
cmbx10.pfb><C:/Users/alexa/AppData/Local/Programs/MiKTeX/fonts/type1/public/ams
fonts/cm/cmbx12.pfb><C:/Users/alexa/AppData/Local/Programs/MiKTeX/fonts/type1/p
ublic/amsfonts/cm/cmr10.pfb><C:/Users/alexa/AppData/Local/Programs/MiKTeX/fonts
/type1/public/amsfonts/cm/cmsl10.pfb><C:/Users/alexa/AppData/Local/Programs/MiK
TeX/fonts/type1/public/amsfonts/cm/cmti10.pfb>
Output written on tools.pdf (4 pages, 95075 bytes).
PDF statistics:
 40 PDF objects out of 1000 (max. 8388607)
 0 named destinations out of 1000 (max. 500000)
 1 words of extra memory for PDF output out of 10000 (max. 10000000)

