2024/12/25 11:37:46 fileService.go:35: Trace | FileChangeListeners: [0xc0001a6030]
2024/12/25 11:37:46 util.go:36: Trace | Read Content-Length: 3625 from Content-Length: 3625
2024/12/25 11:37:46 util.go:46: Trace | Read content: {"jsonrpc":"2.0","id":"1","method":"initialize","params":{"processId":5412,"rootPath":"C:/Code/DMF/intellijTest","rootUri":"file:///C:/Code/DMF/intellijTest","initializationOptions":{},"capabilities":{"workspace":{"applyEdit":true,"workspaceEdit":{"documentChanges":true,"resourceOperations":["create","delete","rename"]},"didChangeConfiguration":{"dynamicRegistration":true},"didChangeWatchedFiles":{"dynamicRegistration":true},"symbol":{},"executeCommand":{"dynamicRegistration":true},"workspaceFolders":true,"configuration":true,"semanticTokens":{"refreshSupport":true},"codeLens":{"refreshSupport":true},"fileOperations":{"didRename":true,"willRename":true,"dynamicRegistration":true},"inlayHint":{"refreshSupport":true}},"textDocument":{"synchronization":{"willSave":true,"willSaveWaitUntil":true,"didSave":true},"completion":{"completionItem":{"snippetSupport":true,"documentationFormat":["markdown","plaintext"],"deprecatedSupport":true,"resolveSupport":{"properties":["documentation","detail","additionalTextEdits"]},"insertTextModeSupport":{"valueSet":[1,2]},"labelDetailsSupport":true},"completionList":{"itemDefaults":["editRange"]},"dynamicRegistration":true},"hover":{"contentFormat":["markdown","plaintext"],"dynamicRegistration":true},"signatureHelp":{"signatureInformation":{"parameterInformation":{"labelOffsetSupport":true}},"dynamicRegistration":true},"references":{"dynamicRegistration":true},"documentHighlight":{"dynamicRegistration":true},"documentSymbol":{"symbolKind":{"valueSet":[18,17,5,14,9,10,22,24,8,1,12,11,20,6,2,3,21,16,19,25,4,7,15,23,26,13]},"hierarchicalDocumentSymbolSupport":true,"dynamicRegistration":true},"formatting":{"dynamicRegistration":true},"rangeFormatting":{"dynamicRegistration":true},"declaration":{"linkSupport":true,"dynamicRegistration":true},"definition":{"linkSupport":true,"dynamicRegistration":true},"typeDefinition":{"linkSupport":true,"dynamicRegistration":true},"implementation":{"linkSupport":true,"dynamicRegistration":true},"codeAction":{"codeActionLiteralSupport":{"codeActionKind":{"valueSet":["quickfix","refactor","refactor.extract","refactor.inline","refactor.rewrite","source","source.organizeImports"]}},"dataSupport":true,"resolveSupport":{"properties":["edit"]},"dynamicRegistration":true},"codeLens":{"dynamicRegistration":true},"documentLink":{"dynamicRegistration":true},"colorProvider":{"dynamicRegistration":true},"rename":{"prepareSupport":true,"dynamicRegistration":true},"publishDiagnostics":{"relatedInformation":true,"tagSupport":{"valueSet":[1,2]},"codeDescriptionSupport":true,"dataSupport":true},"foldingRange":{"dynamicRegistration":true},"typeHierarchy":{"dynamicRegistration":true},"callHierarchy":{"dynamicRegistration":true},"semanticTokens":{"requests":{"range":false,"full":true},"tokenTypes":["namespace","type","class","enum","interface","struct","typeParameter","parameter","variable","property","enumMember","event","function","method","macro","keyword","modifier","comment","string","number","regexp","operator","decorator","label"],"tokenModifiers":["declaration","definition","readonly","static"],"formats":["relative"],"multilineTokenSupport":true,"serverCancelSupport":true,"dynamicRegistration":true},"inlayHint":{"dynamicRegistration":true}},"window":{"workDoneProgress":true,"showMessage":{},"showDocument":{"support":true}},"general":{"staleRequestSupport":{"cancel":true,"retryOnContentModified":[]},"positionEncodings":["utf-16"]}},"clientInfo":{"name":"IntelliJ","version":"IntelliJ IDEA (build IU-241.15989.150)"},"trace":"off","workspaceFolders":[{"uri":"file:///C:/Code/DMF/intellijTest","name":"intellijTest"}]}}
2024/12/25 11:37:46 util.go:62: INFO  | Sending message: {"jsonrpc":"2.0","id":"1","result":{"capabilities":{"textDocumentSync":{"openClose":true,"change":2},"completionProvider":{}},"serverInfo":{"name":"DMF LSP Server","version":"0.0.1"}}}
2024/12/25 11:37:46 util.go:36: Trace | Read Content-Length: 52 from Content-Length: 52
2024/12/25 11:37:46 util.go:46: Trace | Read content: {"jsonrpc":"2.0","method":"initialized","params":{}}
2024/12/25 11:37:46 util.go:36: Trace | Read Content-Length: 86 from Content-Length: 86
2024/12/25 11:37:46 util.go:46: Trace | Read content: {"jsonrpc":"2.0","method":"workspace/didChangeConfiguration","params":{"settings":{}}}
2024/12/25 11:37:46 server.go:92: ERROR | Method not Found: {2.0 [] workspace/didChangeConfiguration [123 34 115 101 116 116 105 110 103 115 34 58 123 125 125] <nil> <nil>}
2024/12/25 11:37:46 util.go:62: INFO  | Sending message: {"jsonrpc":"2.0","error":{"code":-32601,"message":"method not found"}}
2024/12/25 11:37:46 util.go:36: Trace | Read Content-Length: 921 from Content-Length: 921
2024/12/25 11:37:46 util.go:46: Trace | Read content: {"jsonrpc":"2.0","method":"textDocument/didOpen","params":{"textDocument":{"uri":"file:///C:/Code/DMF/intellijTest/test.dmf","languageId":"dmf","version":1,"text":"dmf 1.0.0\nmodel \"dp_success\" version 0.0.0\n\npackage de.alex.brand {\n    package other {\n\n        struct Test{\n\n\n        }\n\n        enum Ort {\n\n            VOR_HAUS(_);\n        }\n\n        entity Person extends Test implements Inte {\n            arg int i;\n            arg \n            arg string me;\n            identifier(i, me);\n        }\n\n        interface Inte  {\n\n        }\n\n\n\n    }\n\n   package rekur {\n        struct One  {\n        }\n\n        entity OneE {\n            arg int i;\n            arg string me;\n           identifier(i, me);\n        }\n        entity TwoE extends .OneE {\n           identifier(i, me);\n        }\n    }\n    package grund {\n         interface IGrund  {\n\n         }\n    }\n}"}}}
2024/12/25 11:37:46 server.go:95: INFO  | Handle Method: textDocument/didOpen 
2024/12/25 11:37:46 fileService.go:88: Trace | Create FileHandle for file:///C:/Code/DMF/intellijTest/test.dmf
2024/12/25 11:37:46 util.go:62: INFO  | Sending message: {"jsonrpc":"2.0","method":"textDocument/publishDiagnostics","params":{"uri":"file:///C:/Code/DMF/intellijTest/test.dmf","version":1,"diagnostics":[]}}
2024/12/25 11:37:46 diagsnosticsService.go:102: INFO  | Published Diagnostics: {2.0 [] textDocument/publishDiagnostics [123 34 117 114 105 34 58 34 102 105 108 101 58 47 47 47 67 58 47 67 111 100 101 47 68 77 70 47 105 110 116 101 108 108 105 106 84 101 115 116 47 116 101 115 116 46 100 109 102 34 44 34 118 101 114 115 105 111 110 34 58 49 44 34 100 105 97 103 110 111 115 116 105 99 115 34 58 91 93 125] <nil> <nil>}
2024/12/25 11:38:34 util.go:36: Trace | Read Content-Length: 266 from Content-Length: 266
2024/12/25 11:38:34 util.go:46: Trace | Read content: {"jsonrpc":"2.0","method":"textDocument/didChange","params":{"textDocument":{"version":2,"uri":"file:///C:/Code/DMF/intellijTest/test.dmf"},"contentChanges":[{"range":{"start":{"line":18,"character":15},"end":{"line":18,"character":16}},"rangeLength":1,"text":""}]}}
2024/12/25 11:38:34 server.go:95: INFO  | Handle Method: textDocument/didChange 
2024/12/25 11:38:34 fileService.go:104: Trace | Edit File for file:///C:/Code/DMF/intellijTest/test.dmf
2024/12/25 11:38:34 util.go:62: INFO  | Sending message: {"jsonrpc":"2.0","method":"textDocument/publishDiagnostics","params":{"uri":"file:///C:/Code/DMF/intellijTest/test.dmf","version":2,"diagnostics":[]}}
2024/12/25 11:38:34 diagsnosticsService.go:102: INFO  | Published Diagnostics: {2.0 [] textDocument/publishDiagnostics [123 34 117 114 105 34 58 34 102 105 108 101 58 47 47 47 67 58 47 67 111 100 101 47 68 77 70 47 105 110 116 101 108 108 105 106 84 101 115 116 47 116 101 115 116 46 100 109 102 34 44 34 118 101 114 115 105 111 110 34 58 50 44 34 100 105 97 103 110 111 115 116 105 99 115 34 58 91 93 125] <nil> <nil>}
2024/12/25 11:38:34 util.go:36: Trace | Read Content-Length: 266 from Content-Length: 266
2024/12/25 11:38:34 util.go:46: Trace | Read content: {"jsonrpc":"2.0","method":"textDocument/didChange","params":{"textDocument":{"version":3,"uri":"file:///C:/Code/DMF/intellijTest/test.dmf"},"contentChanges":[{"range":{"start":{"line":18,"character":14},"end":{"line":18,"character":15}},"rangeLength":1,"text":""}]}}
2024/12/25 11:38:34 server.go:95: INFO  | Handle Method: textDocument/didChange 
2024/12/25 11:38:34 fileService.go:104: Trace | Edit File for file:///C:/Code/DMF/intellijTest/test.dmf
2024/12/25 11:38:34 util.go:62: INFO  | Sending message: {"jsonrpc":"2.0","method":"textDocument/publishDiagnostics","params":{"uri":"file:///C:/Code/DMF/intellijTest/test.dmf","version":3,"diagnostics":[]}}
2024/12/25 11:38:34 diagsnosticsService.go:102: INFO  | Published Diagnostics: {2.0 [] textDocument/publishDiagnostics [123 34 117 114 105 34 58 34 102 105 108 101 58 47 47 47 67 58 47 67 111 100 101 47 68 77 70 47 105 110 116 101 108 108 105 106 84 101 115 116 47 116 101 115 116 46 100 109 102 34 44 34 118 101 114 115 105 111 110 34 58 51 44 34 100 105 97 103 110 111 115 116 105 99 115 34 58 91 93 125] <nil> <nil>}
2024/12/25 11:38:37 util.go:36: Trace | Read Content-Length: 205 from Content-Length: 205
2024/12/25 11:38:37 util.go:46: Trace | Read content: {"jsonrpc":"2.0","id":"2","method":"textDocument/completion","params":{"context":{"triggerKind":1},"textDocument":{"uri":"file:///C:/Code/DMF/intellijTest/test.dmf"},"position":{"line":18,"character":14}}}
2024/12/25 11:38:37 server.go:95: INFO  | Handle Method: textDocument/completion 
2024/12/25 11:38:37 completionService.go:53: Trace | Start Get File Content
2024/12/25 11:38:37 completionService.go:60: Trace | Start Find Completion Node
2024/12/25 11:38:37 completionService.go:62: Trace | Start Node to Completion
